[debug] [2025-12-17T13:38:39.086Z] ----------------------------------------------------------------------
[debug] [2025-12-17T13:38:39.090Z] Command:       /usr/local/bin/node /usr/local/bin/firebase init
[debug] [2025-12-17T13:38:39.090Z] CLI Version:   15.0.0
[debug] [2025-12-17T13:38:39.090Z] Platform:      darwin
[debug] [2025-12-17T13:38:39.090Z] Node Version:  v22.19.0
[debug] [2025-12-17T13:38:39.091Z] Time:          Wed Dec 17 2025 08:38:39 GMT-0500 (Colombia Standard Time)
[debug] [2025-12-17T13:38:39.091Z] ----------------------------------------------------------------------
[debug] 
[info] 
     ######## #### ########  ######## ########     ###     ######  ########
     ##        ##  ##     ## ##       ##     ##  ##   ##  ##       ##
     ######    ##  ########  ######   ########  #########  ######  ######
     ##        ##  ##    ##  ##       ##     ## ##     ##       ## ##
     ##       #### ##     ## ######## ########  ##     ##  ######  ########

You're about to initialize a Firebase project in this directory:

  /Users/johanvalencia/Desktop/JCA

[debug] [2025-12-17T13:44:52.762Z] ExitPromptError: User force closed the prompt with SIGINT
    at Interface.sigint (/usr/local/lib/node_modules/firebase-tools/node_modules/@inquirer/core/dist/commonjs/lib/create-prompt.js:101:37)
    at Interface.emit (node:events:519:28)
    at [_ttyWrite] [as _ttyWrite] (node:internal/readline/interface:1132:18)
    at ReadStream.onkeypress (node:internal/readline/interface:271:20)
    at ReadStream.emit (node:events:531:35)
    at emitKeys (node:internal/readline/utils:370:14)
    at emitKeys.next (<anonymous>)
    at ReadStream.onData (node:internal/readline/emitKeypressEvents:64:36)
    at ReadStream.emit (node:events:519:28)
    at addChunk (node:internal/streams/readable:561:12)
[error] 
[error] Error: An unexpected error has occurred.
